DEBUG 2018-11-15 11:04:21,053: org.apache.ibatis.logging.LogFactory 
 Logging initialized using 'class org.apache.ibatis.logging.slf4j.Slf4jImpl' adapter. 
DEBUG 2018-11-15 11:04:21,291: org.apache.ibatis.datasource.pooled.PooledDataSource 
 PooledDataSource forcefully closed/removed all connections. 
DEBUG 2018-11-15 11:04:21,291: org.apache.ibatis.datasource.pooled.PooledDataSource 
 PooledDataSource forcefully closed/removed all connections. 
DEBUG 2018-11-15 11:04:21,291: org.apache.ibatis.datasource.pooled.PooledDataSource 
 PooledDataSource forcefully closed/removed all connections. 
DEBUG 2018-11-15 11:04:21,291: org.apache.ibatis.datasource.pooled.PooledDataSource 
 PooledDataSource forcefully closed/removed all connections. 
DEBUG 2018-11-15 11:04:21,405: org.apache.ibatis.transaction.jdbc.JdbcTransaction 
 Opening JDBC Connection 
DEBUG 2018-11-15 11:04:22,748: org.apache.ibatis.datasource.pooled.PooledDataSource 
 Created connection 7967307. 
DEBUG 2018-11-15 11:04:22,748: org.apache.ibatis.transaction.jdbc.JdbcTransaction 
 Setting autocommit to false on JDBC Connection [ConnectionID:1 ClientConnectionId: bcfcd2a8-af04-44fe-a84a-eef1f8272d5b] 
DEBUG 2018-11-15 11:04:22,764: mappers.CenterMapper.initCenterState 
 ==>  Preparing: update t_center set runStatue = 1 where portId in (select id from t_port where severId in(select id from t_server where localIp=?)and portNum=?)  
DEBUG 2018-11-15 11:04:22,826: mappers.CenterMapper.initCenterState 
 ==> Parameters: 114.119.9.181(String), 5000(Integer) 
DEBUG 2018-11-15 11:04:22,872: mappers.CenterMapper.initCenterState 
 <==    Updates: 93 
DEBUG 2018-11-15 11:04:22,872: org.apache.ibatis.transaction.jdbc.JdbcTransaction 
 Committing JDBC Connection [ConnectionID:1 ClientConnectionId: bcfcd2a8-af04-44fe-a84a-eef1f8272d5b] 
DEBUG 2018-11-15 11:06:16,782: org.apache.ibatis.logging.LogFactory 
 Logging initialized using 'class org.apache.ibatis.logging.slf4j.Slf4jImpl' adapter. 
DEBUG 2018-11-15 11:06:16,947: org.apache.ibatis.datasource.pooled.PooledDataSource 
 PooledDataSource forcefully closed/removed all connections. 
DEBUG 2018-11-15 11:06:16,947: org.apache.ibatis.datasource.pooled.PooledDataSource 
 PooledDataSource forcefully closed/removed all connections. 
DEBUG 2018-11-15 11:06:16,947: org.apache.ibatis.datasource.pooled.PooledDataSource 
 PooledDataSource forcefully closed/removed all connections. 
DEBUG 2018-11-15 11:06:16,947: org.apache.ibatis.datasource.pooled.PooledDataSource 
 PooledDataSource forcefully closed/removed all connections. 
DEBUG 2018-11-15 11:06:17,062: org.apache.ibatis.transaction.jdbc.JdbcTransaction 
 Opening JDBC Connection 
DEBUG 2018-11-15 11:06:17,975: org.apache.ibatis.datasource.pooled.PooledDataSource 
 Created connection 7967307. 
DEBUG 2018-11-15 11:06:17,975: org.apache.ibatis.transaction.jdbc.JdbcTransaction 
 Setting autocommit to false on JDBC Connection [ConnectionID:1 ClientConnectionId: c0671bcf-606f-4f93-b5c3-1c37460a04e3] 
DEBUG 2018-11-15 11:06:18,006: mappers.CenterMapper.initCenterState 
 ==>  Preparing: update t_center set runStatue = 1 where portId in (select id from t_port where severId in(select id from t_server where localIp=?)and portNum=?)  
DEBUG 2018-11-15 11:06:18,046: mappers.CenterMapper.initCenterState 
 ==> Parameters: 47.106.21.33(String), 5100(Integer) 
DEBUG 2018-11-15 11:06:18,081: mappers.CenterMapper.initCenterState 
 <==    Updates: 1 
DEBUG 2018-11-15 11:06:18,082: org.apache.ibatis.transaction.jdbc.JdbcTransaction 
 Committing JDBC Connection [ConnectionID:1 ClientConnectionId: c0671bcf-606f-4f93-b5c3-1c37460a04e3] 
DEBUG 2018-11-15 11:07:24,914: org.apache.ibatis.logging.LogFactory 
 Logging initialized using 'class org.apache.ibatis.logging.slf4j.Slf4jImpl' adapter. 
DEBUG 2018-11-15 11:07:25,242: org.apache.ibatis.datasource.pooled.PooledDataSource 
 PooledDataSource forcefully closed/removed all connections. 
DEBUG 2018-11-15 11:07:25,242: org.apache.ibatis.datasource.pooled.PooledDataSource 
 PooledDataSource forcefully closed/removed all connections. 
DEBUG 2018-11-15 11:07:25,242: org.apache.ibatis.datasource.pooled.PooledDataSource 
 PooledDataSource forcefully closed/removed all connections. 
DEBUG 2018-11-15 11:07:25,242: org.apache.ibatis.datasource.pooled.PooledDataSource 
 PooledDataSource forcefully closed/removed all connections. 
DEBUG 2018-11-15 11:07:25,360: org.apache.ibatis.transaction.jdbc.JdbcTransaction 
 Opening JDBC Connection 
DEBUG 2018-11-15 11:07:27,149: org.apache.ibatis.datasource.pooled.PooledDataSource 
 Created connection 7967307. 
DEBUG 2018-11-15 11:07:27,149: org.apache.ibatis.transaction.jdbc.JdbcTransaction 
 Setting autocommit to false on JDBC Connection [ConnectionID:1 ClientConnectionId: d56cbdb1-a432-48f8-be71-915bf46a12b6] 
DEBUG 2018-11-15 11:07:27,251: mappers.CenterMapper.initCenterState 
 ==>  Preparing: update t_center set runStatue = 0 where portId in (select id from t_port where severId in(select id from t_server where localIp=?)and portNum=?)  
DEBUG 2018-11-15 11:07:27,333: mappers.CenterMapper.initCenterState 
 ==> Parameters: 47.106.21.33(String), 5100(Integer) 
DEBUG 2018-11-15 11:07:27,459: mappers.CenterMapper.initCenterState 
 <==    Updates: 1 
DEBUG 2018-11-15 11:07:27,459: org.apache.ibatis.transaction.jdbc.JdbcTransaction 
 Committing JDBC Connection [ConnectionID:1 ClientConnectionId: d56cbdb1-a432-48f8-be71-915bf46a12b6] 
